bkpscript.sh
lstscripts.lst
bkpindex.sh
lstindex.lst
campaign.sh
cpmaps.sh
cpydest.sh
csql.sh
dbcheck.sh
dbgengraph.sh
dbgenvideo.sh
dbgraph.sh
dbrmap.sh
dbschema.sh
ffvideo.sh
filemon.sh
fm.sh
generate_map.sh
genrep.sh
gnu_plot_noise.sh
gnu_plot_percentage.sh
gnu_plot.sh
graph.sh
grpbelow.sh
joinpng.sh
looprep.sh
looptst.sh
mapw.sh
osmap.sh
placename.sh
placevar.sh
report.sh
sigdbchk.sh
sigreport.sh
sigvideo.sh
specmap.sh
tcam.sh
tchk.sh
topdf.sh
tstrep.sh
video2osm.sh
video.sh
heatfilm2.R
heatfilm.R
mapworld.R
perc_85_100.R
pngfilm2.R
pngosm2.R
rmap_old.R
rmap.R
rp.R
OSM/ffvideo.sh
OSM/generate_map.sh
OSM/gnu_plot_noise.sh
OSM/gnu_plot_percentage.sh
OSM/gnu_plot.sh
OSM/map.sh
OSM/marco2.sh
OSM/marco.sh
OSM/osmap.sh
OSM/video.sh
